{
  "RSpec": {
    "coverage": {
      "/Users/arabellaknowles/Projects/Bookmark_manager/spec/features/index_spec.rb": {
        "lines": [
          1,
          1,
          1,
          1,
          null,
          null
        ]
      },
      "/Users/arabellaknowles/Projects/Bookmark_manager/spec/features/view_bookmarks_spec.rb": {
        "lines": [
          1,
          1,
          1,
          1,
          0,
          0,
          null,
          null
        ]
      },
      "/Users/arabellaknowles/Projects/Bookmark_manager/spec/unit/bookmark_spec.rb": {
        "lines": [
          1,
          null,
          1,
          1,
          1,
          null,
          null
        ]
      },
      "/Users/arabellaknowles/Projects/Bookmark_manager/db/list_bookmarks.rb": {
        "lines": [
          1,
          null,
          null,
          null,
          1,
          null,
          1,
          null,
          1,
          null,
          1,
          3,
          null,
          null,
          1,
          null,
          null,
          null,
          0,
          null,
          null,
          null,
          1,
          1,
          null,
          null
        ]
      }
    },
    "timestamp": 1603203628
  }
}
